mode: set
_/Users/aga35/exercism/go/triangle/triangle.go:20.42,25.27 3 1
_/Users/aga35/exercism/go/triangle/triangle.go:30.3,30.25 1 1
_/Users/aga35/exercism/go/triangle/triangle.go:33.3,33.35 1 1
_/Users/aga35/exercism/go/triangle/triangle.go:36.3,36.35 1 1
_/Users/aga35/exercism/go/triangle/triangle.go:39.3,39.51 1 1
_/Users/aga35/exercism/go/triangle/triangle.go:42.3,42.13 1 0
_/Users/aga35/exercism/go/triangle/triangle.go:25.27,26.64 1 1
_/Users/aga35/exercism/go/triangle/triangle.go:26.64,28.6 1 1
_/Users/aga35/exercism/go/triangle/triangle.go:30.25,32.4 1 1
_/Users/aga35/exercism/go/triangle/triangle.go:33.35,35.4 1 1
_/Users/aga35/exercism/go/triangle/triangle.go:36.35,38.4 1 1
_/Users/aga35/exercism/go/triangle/triangle.go:39.51,41.4 1 1
